<?xml version="1.0" encoding="UTF-8"?>
<!-- Generated by org.testng.reporters.JUnitReportReporter -->
<testsuite hostname="TechAviator-PC" name="Scenario_Component.Scenario_Search" tests="1" failures="0" timestamp="13 May 2016 11:01:47 GMT" time="67.546" errors="0">
  <testcase name="testInvalid_Search" time="67.546" classname="Scenario_Component.Scenario_Search"/>
</testsuite> <!-- Scenario_Component.Scenario_Search -->
